panalo/build/intermediates/manifest_merge_blame_file/debug/manifest-merger-blame-debug-report.txt
1<?xml version="1.0" encoding="utf-8"?>
2<manifest xmlns:android="http://schemas.android.com/apk/res/android"
3    package="org.rmj.guanzongroup.ghostrider" >
4
5    <uses-sdk android:minSdkVersion="21" />
5-->src\main\AndroidManifest.xml
6
7    <application>
7-->src\main\AndroidManifest.xml:4:5-12:19
8        <activity
8-->src\main\AndroidManifest.xml:5:9-11:20
9            android:name="org.rmj.guanzongroup.ghostrider.Activity_Panalo"
9-->src\main\AndroidManifest.xml:6:13-44
10            android:exported="false" >
10-->src\main\AndroidManifest.xml:7:13-37
11            <meta-data
11-->src\main\AndroidManifest.xml:8:13-10:36
12                android:name="android.app.lib_name"
12-->src\main\AndroidManifest.xml:9:17-52
13                android:value="" />
13-->src\main\AndroidManifest.xml:10:17-33
14        </activity>
15    </application>
16
17</manifest>